<?xml version="1.0" encoding="utf-8"?><testsuites name="pytest tests"><testsuite name="pytest" errors="0" failures="1" skipped="0" tests="37" time="5.945" timestamp="2026-08-14T20:32:47.961723+00:00" hostname="agent-env-126ce328-94e5-4a99-b51d-4c9c3be4b1d0"><testcase classname="tests.test_eayadati.TestAuth" name="test_login_doctor" time="0.671" /><testcase classname="tests.test_eayadati.TestPatients" name="test_list_patients" time="0.681" /><testcase classname="tests.test_eayadati.TestAuth" name="test_login_bad_password" time="0.362" /><testcase classname="tests.test_eayadati.TestPatients" name="test_create_patient" time="0.113" /><testcase classname="tests.test_eayadati.TestPatients" name="test_get_patient" time="0.240" /><testcase classname="tests.test_eayadati.TestAuth" name="test_me_requires_token" time="0.113" /><testcase classname="tests.test_eayadati.TestPatients" name="test_search_patients" time="0.176" /><testcase classname="tests.test_eayadati.TestPatients" name="test_update_patient" time="0.334" /><testcase classname="tests.test_eayadati.TestPatients" name="test_dental_chart_upsert" time="0.266" /><testcase classname="tests.test_eayadati.TestAuth" name="test_me_doctor" time="0.648" /><testcase classname="tests.test_eayadati.TestAuth" name="test_register_new_doctor" time="0.353" /><testcase classname="tests.test_eayadati.TestPatients" name="test_delete_patient" time="0.437" /><testcase classname="tests.test_eayadati.TestAuth" name="test_register_duplicate" time="0.169" /><testcase classname="tests.test_eayadati.TestFinancialsGating" name="test_reset_settings_off" time="0.111" /><testcase classname="tests.test_eayadati.TestInvoices" name="test_create_patient_invoice" time="0.177" /><testcase classname="tests.test_eayadati.TestFinancialsGating" name="test_doctor_can_view_invoices" time="0.107" /><testcase classname="tests.test_eayadati.TestInvoices" name="test_list_by_kind" time="0.340" /><testcase classname="tests.test_eayadati.TestFinancialsGating" name="test_assistant_blocked_when_off" time="0.580" /><testcase classname="tests.test_eayadati.TestInvoices" name="test_get_invoice" time="0.110" /><testcase classname="tests.test_eayadati.TestFinancialsGating" name="test_assistant_allowed_when_on" time="0.601" /><testcase classname="tests.test_eayadati.TestInvoices" name="test_assistant_cannot_create" time="0.728" /><testcase classname="tests.test_eayadati.TestFinancialsGating" name="test_assistant_cannot_patch_settings" time="0.135" /><testcase classname="tests.test_eayadati.TestInvoices" name="test_delete_invoice" time="0.110" /><testcase classname="tests.test_eayadati.TestAppointments" name="test_list" time="0.338" /><testcase classname="tests.test_eayadati.TestAssistantMgmt" name="test_doctor_create_assistant" time="0.333" /><testcase classname="tests.test_eayadati.TestAssistantMgmt" name="test_doctor_list_assistants" time="0.100" /><testcase classname="tests.test_eayadati.TestAppointments" name="test_create" time="0.292" /><testcase classname="tests.test_eayadati.TestAssistantMgmt" name="test_assistant_forbidden_from_list" time="0.102" /><testcase classname="tests.test_eayadati.TestAssistantMgmt" name="test_assistant_forbidden_from_create" time="0.121" /><testcase classname="tests.test_eayadati.TestAppointments" name="test_update" time="0.124" /><testcase classname="tests.test_eayadati.TestAssistantMgmt" name="test_doctor_delete_assistant" time="0.115" /><testcase classname="tests.test_eayadati.TestAppointments" name="test_delete" time="0.104" /><testcase classname="tests.test_eayadati.TestSummary" name="test_doctor_summary_includes_financials" time="0.126" /><testcase classname="tests.test_eayadati.TestXrays" name="test_upload_and_fetch" time="0.143"><failure message="ValueError: non-hexadecimal number found in fromhex() arg at position 543">backend/tests/test_eayadati.py:196: in test_upload_and_fetch
    jpg = bytes.fromhex(
E   ValueError: non-hexadecimal number found in fromhex() arg at position 543</failure></testcase><testcase classname="tests.test_eayadati.TestSummary" name="test_assistant_summary_hides_financials" time="0.346" /><testcase classname="tests.test_eayadati.TestInventory" name="test_crud_and_low_stock" time="0.794" /><testcase classname="tests.test_eayadati.TestLabOrders" name="test_crud" time="0.525" /></testsuite></testsuites>