<?xml version="1.0" encoding="utf-8"?><testsuites name="pytest tests"><testsuite name="pytest" errors="0" failures="0" skipped="0" tests="6" time="2.502" timestamp="2026-08-22T12:34:21.625998+00:00" hostname="agent-env-126ce328-94e5-4a99-b51d-4c9c3be4b1d0"><testcase classname="tests.test_iteration10_treatment_types.TestTreatmentTypes" name="test_list_returns_array" time="0.650" /><testcase classname="tests.test_iteration10_treatment_types.TestTreatmentTypes" name="test_create_reject_empty_label" time="0.137" /><testcase classname="tests.test_iteration10_treatment_types.TestTreatmentTypes" name="test_create_reject_missing_label" time="0.237" /><testcase classname="tests.test_iteration10_treatment_types.TestTreatmentTypes" name="test_create_and_uniqueness_and_distinct_colors" time="0.694" /><testcase classname="tests.test_iteration10_treatment_types.TestTreatmentTypes" name="test_requires_auth" time="0.110" /><testcase classname="tests.test_iteration10_treatment_types.TestTreatmentTypes" name="test_assistant_disabled_cannot_login" time="0.334" /></testsuite></testsuites>