<?xml version="1.0" encoding="utf-8"?><testsuites name="pytest tests"><testsuite name="pytest" errors="0" failures="0" skipped="0" tests="6" time="3.330" timestamp="2026-08-23T18:09:09.651631+00:00" hostname="agent-env-126ce328-94e5-4a99-b51d-4c9c3be4b1d0"><testcase classname="tests.test_iteration14_deletes.TestUnauth" name="test_delete_patient_requires_auth" time="0.467" /><testcase classname="tests.test_iteration14_deletes.TestUnauth" name="test_delete_treatment_requires_auth" time="0.285" /><testcase classname="tests.test_iteration14_deletes.TestPatientCascadeDelete" name="test_delete_patient_cascades" time="1.866" /><testcase classname="tests.test_iteration14_deletes.TestUnauth" name="test_delete_session_requires_auth" time="0.210" /><testcase classname="tests.test_iteration14_deletes.TestSessionDelete" name="test_delete_session_removes_only_that_session" time="1.297" /><testcase classname="tests.test_iteration14_deletes.TestTreatmentDelete" name="test_delete_treatment_removes_from_list" time="1.119" /></testsuite></testsuites>