<?xml version="1.0" encoding="utf-8"?><testsuites name="pytest tests"><testsuite name="pytest" errors="0" failures="0" skipped="0" tests="15" time="5.018" timestamp="2026-08-22T13:56:55.200645+00:00" hostname="agent-env-126ce328-94e5-4a99-b51d-4c9c3be4b1d0"><testcase classname="tests.test_iteration11_subscriptions.TestSetSubscription" name="test_requires_admin" time="0.666" /><testcase classname="tests.test_iteration11_subscriptions.TestAdminListing" name="test_requires_admin" time="0.712" /><testcase classname="tests.test_iteration11_subscriptions.TestSetSubscription" name="test_subscribed_requires_plan" time="0.562" /><testcase classname="tests.test_iteration11_subscriptions.TestSetSubscription" name="test_subscribe_monthly_sets_end_plus_30" time="0.629" /><testcase classname="tests.test_iteration11_subscriptions.TestAdminListing" name="test_returns_list_with_subscription_fields" time="0.693" /><testcase classname="tests.test_iteration11_subscriptions.TestAutoDisable" name="test_backdate_then_login_becomes_disabled" time="0.771" /><testcase classname="tests.test_iteration11_subscriptions.TestSetSubscription" name="test_disabled_status_blocks_login" time="0.647" /><testcase classname="tests.test_iteration11_subscriptions.TestAutoDisable" name="test_admin_reactivates_after_auto_disable" time="0.826" /><testcase classname="tests.test_iteration11_subscriptions.TestSetSubscription" name="test_reactivate_trial_restores_login" time="0.726" /><testcase classname="tests.test_iteration11_subscriptions.TestAdminStats" name="test_stats_shape_and_math" time="0.256" /><testcase classname="tests.test_iteration11_subscriptions.TestCleanup" name="test_reset_test_doctor_to_trial" time="0.232" /><testcase classname="tests.test_iteration11_subscriptions.TestAdminStats" name="test_stats_forbidden_for_non_admin" time="0.142" /><testcase classname="tests.test_iteration11_subscriptions.TestRegisterTrialDefault" name="test_new_doctor_gets_trial" time="0.476" /><testcase classname="tests.test_iteration11_subscriptions.TestCleanup" name="test_demo_doctor_still_on_trial" time="0.708" /><testcase classname="tests.test_iteration11_subscriptions.TestSummarySubscription" name="test_demo_doctor_summary_has_subscription" time="0.477" /></testsuite></testsuites>