<?xml version="1.0" encoding="utf-8"?><testsuites name="pytest tests"><testsuite name="pytest" errors="0" failures="0" skipped="0" tests="5" time="1.379" timestamp="2026-08-23T15:32:38.599665+00:00" hostname="agent-env-126ce328-94e5-4a99-b51d-4c9c3be4b1d0"><testcase classname="tests.test_iteration13_treatments.TestTreatmentsFlow" name="test_create_treatment_returns_id_teeth_and_initial_session" time="0.598" /><testcase classname="tests.test_iteration13_treatments.TestTreatmentsFlow" name="test_add_followup_session" time="0.077" /><testcase classname="tests.test_iteration13_treatments.TestTreatmentsFlow" name="test_list_treatments_contains_created_newest_first" time="0.052" /><testcase classname="tests.test_iteration13_treatments.TestTreatmentsFlow" name="test_add_session_unknown_treatment_returns_404" time="0.062" /><testcase classname="tests.test_iteration13_treatments.TestTreatmentsFlow" name="test_unauthenticated_rejected" time="0.237" /></testsuite></testsuites>