<?xml version="1.0" encoding="utf-8"?><testsuites name="pytest tests"><testsuite name="pytest" errors="0" failures="0" skipped="0" tests="16" time="7.544" timestamp="2026-08-18T12:51:04.469811+00:00" hostname="agent-env-126ce328-94e5-4a99-b51d-4c9c3be4b1d0"><testcase classname="tests.test_iteration4.TestDentalChart" name="test_chart_empty_initially" time="0.760" /><testcase classname="tests.test_iteration4.TestDentalChart" name="test_set_tooth_persists" time="0.368" /><testcase classname="tests.test_iteration4.TestDentalChart" name="test_set_same_tooth_twice_updates_no_duplicate" time="0.511" /><testcase classname="tests.test_iteration4.TestDentalChart" name="test_chart_survives_refetch" time="0.414" /><testcase classname="tests.test_iteration4.TestPartialPatch" name="test_patch_doctor_notes_only_keeps_full_name" time="0.492" /><testcase classname="tests.test_iteration4.TestPartialPatch" name="test_patch_ignores_unknown_fields" time="0.166" /><testcase classname="tests.test_iteration4.TestPublicBooking" name="test_public_clinic_no_auth" time="0.196" /><testcase classname="tests.test_iteration4.TestPublicBooking" name="test_public_slots_no_auth" time="0.155" /><testcase classname="tests.test_iteration4.TestPublicBooking" name="test_public_book_success_no_auth" time="0.349" /><testcase classname="tests.test_iteration4.TestPublicBooking" name="test_public_clinic_unknown_tenant_404" time="0.183" /><testcase classname="tests.test_iteration4.TestDisabledLoginBlocked" name="test_enabled_login_ok" time="0.365" /><testcase classname="tests.test_iteration4.TestDisabledLoginBlocked" name="test_disabled_user_login_403" time="1.765" /><testcase classname="tests.test_iteration4.TestInvoiceCurrencyRegression" name="test_default_syp" time="0.158" /><testcase classname="tests.test_iteration4.TestInvoiceCurrencyRegression" name="test_create_usd_persists" time="0.382" /><testcase classname="tests.test_iteration4.TestInvoiceCurrencyRegression" name="test_rbac_financials_hidden_from_assistant" time="0.717" /><testcase classname="tests.test_iteration4.TestInvoiceCurrencyRegression" name="test_cleanup" time="0.501" /></testsuite></testsuites>