<?xml version="1.0" encoding="utf-8"?><testsuites name="pytest tests"><testsuite name="pytest" errors="0" failures="0" skipped="0" tests="10" time="12.537" timestamp="2026-08-18T13:15:08.514356+00:00" hostname="agent-env-126ce328-94e5-4a99-b51d-4c9c3be4b1d0"><testcase classname="tests.test_iteration6.TestXrayUpload" name="test_upload_large_jpeg_compresses" time="4.000" /><testcase classname="tests.test_iteration6.TestXrayUpload" name="test_upload_tiny_image_not_grown" time="0.925" /><testcase classname="tests.test_iteration6.TestXrayUpload" name="test_upload_empty_file_400" time="0.628" /><testcase classname="tests.test_iteration6.TestXrayUpload" name="test_upload_non_image_falls_back" time="0.770" /><testcase classname="tests.test_iteration6.TestXrayUpload" name="test_list_and_get_and_delete" time="2.002" /><testcase classname="tests.test_iteration6.TestRegressions" name="test_public_portal_still_works" time="0.766" /><testcase classname="tests.test_iteration6.TestRegressions" name="test_partial_patient_patch_preserves_untouched" time="0.773" /><testcase classname="tests.test_iteration6.TestRegressions" name="test_dental_chart_persistence" time="0.781" /><testcase classname="tests.test_iteration6.TestRegressions" name="test_invoice_currency_syp_and_usd" time="1.067" /><testcase classname="tests.test_iteration6.TestRegressions" name="test_rbac_financial_gating_assistant" time="0.769" /></testsuite></testsuites>