<?xml version="1.0" encoding="utf-8"?><testsuites name="pytest tests"><testsuite name="pytest" errors="0" failures="0" skipped="0" tests="13" time="8.526" timestamp="2026-08-18T13:03:21.944520+00:00" hostname="agent-env-126ce328-94e5-4a99-b51d-4c9c3be4b1d0"><testcase classname="tests.test_iteration5.TestPatientPortalAuthEndpoint" name="test_create_patient_has_portal_token" time="0.723" /><testcase classname="tests.test_iteration5.TestPatientPortalAuthEndpoint" name="test_get_patient_portal_returns_token_and_url" time="0.484" /><testcase classname="tests.test_iteration5.TestPatientPortalAuthEndpoint" name="test_get_patient_portal_is_idempotent" time="0.656" /><testcase classname="tests.test_iteration5.TestPatientPortalAuthEndpoint" name="test_portal_endpoint_requires_auth" time="0.499" /><testcase classname="tests.test_iteration5.TestPatientPortalAuthEndpoint" name="test_portal_endpoint_404_for_unknown_patient" time="0.305" /><testcase classname="tests.test_iteration5.TestPublicPatientPortal" name="test_public_portal_invalid_token_404" time="0.171" /><testcase classname="tests.test_iteration5.TestPublicPatientPortal" name="test_public_portal_no_auth_required" time="0.658" /><testcase classname="tests.test_iteration5.TestPublicPatientPortal" name="test_public_portal_reflects_chart_and_invoices_and_financials" time="1.223" /><testcase classname="tests.test_iteration5.TestBookingCreatesPortalToken" name="test_public_booking_generates_patient_with_portal_token" time="0.726" /><testcase classname="tests.test_iteration5.TestRegressions" name="test_invoice_currency_syp_and_usd_persist" time="0.971" /><testcase classname="tests.test_iteration5.TestRegressions" name="test_assistant_forbidden_on_invoices_when_financials_hidden" time="0.705" /><testcase classname="tests.test_iteration5.TestRegressions" name="test_chart_persistence_via_get" time="0.836" /><testcase classname="tests.test_iteration5.TestRegressions" name="test_partial_patch_preserves_untouched_fields" time="0.493" /></testsuite></testsuites>