<?xml version="1.0" encoding="utf-8"?><testsuites name="pytest tests"><testsuite name="pytest" errors="0" failures="0" skipped="0" tests="12" time="1.019" timestamp="2026-08-22T12:13:12.825274+00:00" hostname="agent-env-126ce328-94e5-4a99-b51d-4c9c3be4b1d0"><testcase classname="tests.test_iteration9_public_booking.TestPublicSlots" name="test_clinic_exists" time="0.253" /><testcase classname="tests.test_iteration9_public_booking.TestPublicSlots" name="test_slots_shape" time="0.057" /><testcase classname="tests.test_iteration9_public_booking.TestPublicSlots" name="test_slots_boundaries" time="0.059" /><testcase classname="tests.test_iteration9_public_booking.TestPublicSlots" name="test_slots_all_available_on_empty_date" time="0.062" /><testcase classname="tests.test_iteration9_public_booking.TestPublicSlots" name="test_slots_unknown_tenant" time="0.061" /><testcase classname="tests.test_iteration9_public_booking.TestPublicBook" name="test_book_valid_slot" time="0.058" /><testcase classname="tests.test_iteration9_public_booking.TestPublicBook" name="test_slot_now_unavailable" time="0.059" /><testcase classname="tests.test_iteration9_public_booking.TestPublicBook" name="test_book_duplicate_returns_409" time="0.078" /><testcase classname="tests.test_iteration9_public_booking.TestPublicBook" name="test_book_out_of_hours_23_00" time="0.056" /><testcase classname="tests.test_iteration9_public_booking.TestPublicBook" name="test_book_out_of_hours_07_30" time="0.056" /><testcase classname="tests.test_iteration9_public_booking.TestPublicBook" name="test_book_non_grid_time_08_15" time="0.062" /><testcase classname="tests.test_iteration9_public_booking.TestPublicBook" name="test_book_unknown_tenant" time="0.058" /></testsuite></testsuites>