<?xml version="1.0" encoding="utf-8"?><testsuites name="pytest tests"><testsuite name="pytest" errors="0" failures="0" skipped="1" tests="39" time="6.141" timestamp="2026-08-19T13:04:20.611386+00:00" hostname="agent-env-126ce328-94e5-4a99-b51d-4c9c3be4b1d0"><testcase classname="tests.test_iteration8.TestBootAndAuth" name="test_login_doctor" time="0.385" /><testcase classname="tests.test_iteration8.TestBootAndAuth" name="test_login_assistant" time="0.297" /><testcase classname="tests.test_iteration8.TestBootAndAuth" name="test_login_super" time="0.295" /><testcase classname="tests.test_iteration8.TestBootAndAuth" name="test_me" time="0.358" /><testcase classname="tests.test_iteration8.TestPatients" name="test_create_patient" time="0.068" /><testcase classname="tests.test_iteration8.TestPatients" name="test_get_patient" time="0.070" /><testcase classname="tests.test_iteration8.TestPatients" name="test_patch_patient_partial" time="0.145" /><testcase classname="tests.test_iteration8.TestPatients" name="test_dental_chart_persist" time="0.191" /><testcase classname="tests.test_iteration8.TestPatients" name="test_public_portal_token" time="0.189" /><testcase classname="tests.test_iteration8.TestXray" name="test_upload_xray" time="0.299" /><testcase classname="tests.test_iteration8.TestXray" name="test_list_xrays" time="0.073" /><testcase classname="tests.test_iteration8.TestXray" name="test_get_xray_file_with_token" time="0.142" /><testcase classname="tests.test_iteration8.TestXray" name="test_get_xray_file_without_token_401" time="0.154" /><testcase classname="tests.test_iteration8.TestXray" name="test_delete_xray" time="0.087" /><testcase classname="tests.test_iteration8.TestPdfPublic" name="test_upload_pdf_and_public_fetch" time="0.262" /><testcase classname="tests.test_iteration8.TestPasswordReset" name="test_forgot_password_smtp_unconfigured_ok" time="0.066" /><testcase classname="tests.test_iteration8.TestPasswordReset" name="test_forgot_password_unknown_email_ok" time="0.069" /><testcase classname="tests.test_iteration8.TestPasswordReset" name="test_reset_password_invalid_token" time="0.067" /><testcase classname="tests.test_iteration8.TestPasswordReset" name="test_reset_password_valid_token_flow" time="0.566"><skipped type="pytest.skip" message="Valid-token flow requires DB access; SMTP disabled in preview">/app/backend/tests/test_iteration8.py:240: Valid-token flow requires DB access; SMTP disabled in preview</skipped></testcase><testcase classname="tests.test_iteration8.TestAppointments" name="test_create_and_list_appointment" time="0.146" /><testcase classname="tests.test_iteration8.TestAppointments" name="test_delete_appointment" time="0.077" /><testcase classname="tests.test_iteration8.TestInvoices" name="test_create_syp_invoice" time="0.073" /><testcase classname="tests.test_iteration8.TestInvoices" name="test_create_usd_invoice" time="0.094" /><testcase classname="tests.test_iteration8.TestInvoices" name="test_search_filter_invoices" time="0.077" /><testcase classname="tests.test_iteration8.TestInvoices" name="test_edit_invoice" time="0.139" /><testcase classname="tests.test_iteration8.TestInvoices" name="test_delete_invoices" time="0.150" /><testcase classname="tests.test_iteration8.TestInventory" name="test_create_low_stock_item" time="0.079" /><testcase classname="tests.test_iteration8.TestInventory" name="test_list_inventory" time="0.069" /><testcase classname="tests.test_iteration8.TestInventory" name="test_delete_inventory" time="0.078" /><testcase classname="tests.test_iteration8.TestLab" name="test_create_lab" time="0.065" /><testcase classname="tests.test_iteration8.TestLab" name="test_list_lab" time="0.066" /><testcase classname="tests.test_iteration8.TestLab" name="test_delete_lab" time="0.068" /><testcase classname="tests.test_iteration8.TestReports" name="test_summary" time="0.070" /><testcase classname="tests.test_iteration8.TestPublicBooking" name="test_public_clinic_info" time="0.198" /><testcase classname="tests.test_iteration8.TestPublicBooking" name="test_public_book_appointment" time="0.220" /><testcase classname="tests.test_iteration8.TestSuperAdmin" name="test_admin_doctors_list" time="0.367" /><testcase classname="tests.test_iteration8.TestSuperAdmin" name="test_admin_stats" time="0.067" /><testcase classname="tests.test_iteration8.TestSuperAdmin" name="test_admin_only_forbids_doctor" time="0.073" /><testcase classname="tests.test_iteration8.TestZCleanup" name="test_delete_patient" time="0.071" /></testsuite></testsuites>