<?xml version="1.0" encoding="utf-8"?><testsuites name="pytest tests"><testsuite name="pytest" errors="0" failures="0" skipped="0" tests="15" time="4.626" timestamp="2026-08-14T21:14:19.664360+00:00" hostname="agent-env-126ce328-94e5-4a99-b51d-4c9c3be4b1d0"><testcase classname="tests.test_iteration2.TestInvoiceEdit" name="test_setup_create" time="0.691" /><testcase classname="tests.test_iteration2.TestInvoiceEdit" name="test_doctor_patch_invoice" time="0.443" /><testcase classname="tests.test_iteration2.TestPublicPortal" name="test_public_clinic_no_auth" time="0.900" /><testcase classname="tests.test_iteration2.TestPublicPortal" name="test_public_clinic_unknown" time="0.165" /><testcase classname="tests.test_iteration2.TestPublicPortal" name="test_public_slots_no_auth_and_shape" time="0.217" /><testcase classname="tests.test_iteration2.TestPublicPortal" name="test_public_slots_marks_booked_unavailable" time="0.695" /><testcase classname="tests.test_iteration2.TestInvoiceEdit" name="test_assistant_cannot_patch_when_financials_hidden" time="0.723" /><testcase classname="tests.test_iteration2.TestInvoiceEdit" name="test_assistant_cannot_delete_invoice" time="0.197" /><testcase classname="tests.test_iteration2.TestPublicPortal" name="test_public_book_creates_patient_and_appointment" time="1.346" /><testcase classname="tests.test_iteration2.TestInvoiceEdit" name="test_doctor_delete_invoice" time="0.245" /><testcase classname="tests.test_iteration2.TestDoctorNotes" name="test_persist_and_read" time="0.481" /><testcase classname="tests.test_iteration2.TestPublicPdf" name="test_upload_pdf_authed" time="0.409" /><testcase classname="tests.test_iteration2.TestPublicPdf" name="test_upload_pdf_requires_auth" time="0.126" /><testcase classname="tests.test_iteration2.TestPublicPdf" name="test_public_file_no_auth" time="0.308" /><testcase classname="tests.test_iteration2.TestPublicPdf" name="test_public_file_unknown_404" time="0.131" /></testsuite></testsuites>