<?xml version="1.0" encoding="utf-8"?><testsuites name="pytest tests"><testsuite name="pytest" errors="0" failures="0" skipped="0" tests="8" time="1.209" timestamp="2026-08-22T19:09:45.167478+00:00" hostname="agent-env-126ce328-94e5-4a99-b51d-4c9c3be4b1d0"><testcase classname="tests.test_iteration12_dashboard_currency.TestSummaryCurrencies" name="test_summary_default_returns_currencies_field" time="0.585" /><testcase classname="tests.test_iteration12_dashboard_currency.TestSummaryPerCurrencyFiltering" name="test_summary_usd" time="0.636" /><testcase classname="tests.test_iteration12_dashboard_currency.TestSummaryCurrencies" name="test_summary_has_both_syp_and_usd" time="0.053" /><testcase classname="tests.test_iteration12_dashboard_currency.TestSummaryPerCurrencyFiltering" name="test_summary_syp" time="0.054" /><testcase classname="tests.test_iteration12_dashboard_currency.TestSummaryCurrencies" name="test_summary_default_returns_all_aggregate_fields" time="0.054" /><testcase classname="tests.test_iteration12_dashboard_currency.TestSummaryPerCurrencyFiltering" name="test_usd_and_syp_are_not_mixed" time="0.098" /><testcase classname="tests.test_iteration12_dashboard_currency.TestSummaryToday" name="test_today_income_matches_selected_currency" time="0.194" /><testcase classname="tests.test_iteration12_dashboard_currency.TestSummaryPerCurrencyFiltering" name="test_invalid_currency_falls_back_to_first_available" time="0.049" /></testsuite></testsuites>