<?xml version="1.0" encoding="utf-8"?><testsuites name="pytest tests"><testsuite name="pytest" errors="0" failures="1" skipped="1" tests="22" time="7.666" timestamp="2026-08-14T21:45:00.103280+00:00" hostname="agent-env-126ce328-94e5-4a99-b51d-4c9c3be4b1d0"><testcase classname="tests.test_iteration3.TestSuperAdmin" name="test_super_admin_login_role" time="0.352" /><testcase classname="tests.test_iteration3.TestSuperAdmin" name="test_list_doctors_shape" time="0.447" /><testcase classname="tests.test_iteration3.TestSuperAdmin" name="test_admin_stats" time="0.135" /><testcase classname="tests.test_iteration3.TestSuperAdmin" name="test_doctor_cannot_access_admin" time="0.589" /><testcase classname="tests.test_iteration3.TestSuperAdmin" name="test_assistant_cannot_access_admin" time="0.487" /><testcase classname="tests.test_iteration3.TestSuperAdmin" name="test_unauth_admin_401" time="0.138" /><testcase classname="tests.test_iteration3.TestSuperAdmin" name="test_admin_reset_password_flow" time="1.819" /><testcase classname="tests.test_iteration3.TestSuperAdmin" name="test_admin_reset_refuses_super_admin" time="0.314" /><testcase classname="tests.test_iteration3.TestSuperAdmin" name="test_admin_toggle_disabled_flow" time="0.891"><failure message="AssertionError: BUG: disabled user login returned 200&#10;assert 200 == 401&#10; +  where 200 = &lt;Response [200]&gt;.status_code">E   AssertionError: BUG: disabled user login returned 200
    assert 200 == 401
     +  where 200 = &lt;Response [200]&gt;.status_code</failure></testcase><testcase classname="tests.test_iteration3.TestSuperAdmin" name="test_admin_toggle_refuses_super_admin" time="0.279" /><testcase classname="tests.test_iteration3.TestSuperAdmin" name="test_non_super_cannot_mutate_admin" time="0.362" /><testcase classname="tests.test_iteration3.TestPasswordReset" name="test_forgot_password_unknown_email_ok" time="0.098" /><testcase classname="tests.test_iteration3.TestPasswordReset" name="test_forgot_password_known_email_ok" time="0.218" /><testcase classname="tests.test_iteration3.TestPasswordReset" name="test_reset_password_invalid_token" time="0.102" /><testcase classname="tests.test_iteration3.TestPasswordReset" name="test_reset_password_valid_token_flow" time="0.000"><skipped type="pytest.skip" message="Positive reset requires DB access to read token; covered by RCA note.">/app/backend/tests/test_iteration3.py:203: Positive reset requires DB access to read token; covered by RCA note.</skipped></testcase><testcase classname="tests.test_iteration3.TestInvoiceCurrency" name="test_default_currency_syp" time="0.104" /><testcase classname="tests.test_iteration3.TestInvoiceCurrency" name="test_create_usd" time="0.250" /><testcase classname="tests.test_iteration3.TestInvoiceCurrency" name="test_patch_updates_currency" time="0.230" /><testcase classname="tests.test_iteration3.TestInvoiceCurrency" name="test_cleanup" time="0.239" /><testcase classname="tests.test_iteration3.TestRbacFinancials" name="test_assistant_403_on_invoices_when_hidden" time="0.231" /><testcase classname="tests.test_iteration3.TestSummary" name="test_summary_shape_doctor" time="0.107" /><testcase classname="tests.test_iteration3.TestSummary" name="test_summary_assistant_no_financials" time="0.216" /></testsuite></testsuites>